[2025-07-07T17:40:21.851Z] / ::1 
[2025-07-07T17:40:28.463Z] / ::1 
[2025-07-07T17:40:41.933Z] / ::1 
[2025-07-07T17:41:30.242Z] / ::1 
[2025-07-07T17:41:30.380Z] /favicon.ico ::1 
[2025-07-07T18:02:18.459Z] / ::1 
[2025-07-07T18:02:22.062Z] / ::1 
[2025-07-07T18:03:41.272Z] / ::1 
[2025-07-07T18:03:49.395Z] / ::1 
[2025-07-07T18:07:19.706Z] / ::1 
[2025-07-07T18:07:28.724Z] / ::1 
[2025-07-07T18:07:32.528Z] / ::1 
[2025-07-07T18:07:37.097Z] /404 ::1 
[2025-07-07T18:07:40.412Z] /40 ::1 
[2025-07-07T18:07:54.146Z] / ::ffff:127.0.0.1 
[2025-07-07T18:07:57.201Z] / ::ffff:127.0.0.1 
[2025-07-07T18:08:20.086Z] /40 ::1 
[2025-07-07T18:08:22.844Z] / ::1 
[2025-07-07T18:08:29.425Z] / ::1 
[2025-07-07T19:05:46.585Z] / ::1 
[2025-07-07T19:09:28.927Z] /api/cs ::1 
[2025-07-07T19:09:28.934Z] /api/cs ::1 
[2025-07-07T19:09:37.482Z] /api/cs ::1 
[2025-07-07T19:09:37.486Z] /api/cs ::1 
[2025-07-07T19:09:51.207Z] /api/cs ::1 
[2025-07-07T19:09:51.213Z] /api/cs ::1 
[2025-07-07T19:10:36.657Z] /api/cs ::1 
[2025-07-07T19:10:36.661Z] /api/cs ::1 
[2025-07-07T19:10:49.980Z] /api/cs ::1 
[2025-07-07T19:10:49.985Z] /api/cs ::1 
[2025-07-07T19:13:37.199Z] / ::1 
[2025-07-07T19:13:40.143Z] /api/cs ::1 
[2025-07-07T19:13:40.149Z] /api/cs ::1 
[2025-07-07T19:13:41.607Z] /api/cs ::1 
[2025-07-07T19:13:41.611Z] /api/cs ::1 
[2025-07-07T19:14:24.787Z] /api/cs ::1 
[2025-07-07T19:14:24.792Z] /api/cs ::1 
[2025-07-07T19:14:27.294Z] /api/cs ::1 
[2025-07-07T19:14:27.301Z] /api/cs ::1 
[2025-07-07T19:14:28.423Z] /api/cs ::1 
[2025-07-07T19:14:28.428Z] /api/cs ::1 
[2025-07-07T19:14:30.410Z] /api/cs ::1 
[2025-07-07T19:14:30.414Z] /api/cs ::1 
[2025-07-07T19:14:40.784Z] /api/cs ::ffff:127.0.0.1 
[2025-07-07T19:14:40.793Z] /api/cs ::ffff:127.0.0.1 
[2025-07-07T19:15:06.539Z] /api/cs ::1 
[2025-07-07T19:15:06.544Z] /api/cs ::1 
[2025-07-07T19:15:09.093Z] /api/cs ::1 
[2025-07-07T19:15:09.098Z] /api/cs ::1 
[2025-07-07T19:15:10.951Z] /api/cs ::1 
[2025-07-07T19:15:10.956Z] /api/cs ::1 
[2025-07-07T19:15:18.227Z] /api/cs ::1 
[2025-07-07T19:15:18.233Z] /api/cs ::1 
[2025-07-07T19:16:30.434Z] / ::1 
[2025-07-07T19:42:13.073Z] / ::1 
[2025-07-07T19:42:55.817Z] / ::1 
[2025-07-07T19:45:06.618Z] /api/cs ::1 
[2025-07-07T19:45:06.625Z] /api/cs ::1 
[2025-07-07T19:45:12.358Z] /api/cs ::1 
[2025-07-07T19:45:12.362Z] /api/cs ::1 
[2025-07-07T19:45:16.503Z] /api/cs ::1 
[2025-07-07T19:45:16.508Z] /api/cs ::1 
[2025-07-07T19:45:33.902Z] /api/cs ::1 
[2025-07-07T19:45:33.906Z] /api/cs ::1 
[2025-07-07T19:48:37.697Z] /api/cs ::1 
[2025-07-07T19:48:44.402Z] /api/cs ::1 
[2025-07-07T19:51:04.735Z] /api/cs ::1 
[2025-07-07T19:51:06.359Z] /api/cs ::1 
